2025-02-23 09:41:00 | WARN | repo=pv243-javaee-7 | action=edit | files=3
2025-05-13 19:56:00 | WARN | repo=pv243-javaee-7 | action=commit
2025-03-26 16:23:00 | DEBUG | repo=pv243-javaee-7 | action=commit
2025-11-14 12:52:00 | WARN | repo=pv243-javaee-7 | action=commit
2025-01-19 14:12:00 | DEBUG | repo=pv243-javaee-7 | action=commit
2025-06-11 13:37:00 | INFO | repo=pv243-javaee-7 | action=commit
2025-12-06 16:05:00 | DEBUG | repo=pv243-javaee-7 | action=pull
2025-02-02 20:05:00 | DEBUG | repo=pv243-javaee-7 | action=commit
2025-06-09 09:37:00 | DEBUG | repo=pv243-javaee-7 | action=test | passed=true
2025-11-26 07:30:00 | DEBUG | repo=pv243-javaee-7 | action=commit
2025-08-22 19:36:00 | DEBUG | repo=pv243-javaee-7 | action=commit
2025-08-14 19:59:00 | INFO | repo=pv243-javaee-7 | action=test | passed=true
2025-12-09 10:54:00 | DEBUG | repo=pv243-javaee-7 | action=edit | files=3
2025-10-19 07:24:00 | INFO | repo=pv243-javaee-7 | action=test | passed=true
2025-11-22 16:12:00 | WARN | repo=pv243-javaee-7 | action=edit | files=2
2025-09-20 19:25:00 | INFO | repo=pv243-javaee-7 | action=edit | files=2
2025-11-22 20:35:00 | INFO | repo=pv243-javaee-7 | action=commit
2025-02-12 19:54:00 | WARN | repo=pv243-javaee-7 | action=commit
2025-03-24 07:03:00 | INFO | repo=pv243-javaee-7 | action=commit
2025-04-01 09:06:00 | DEBUG | repo=pv243-javaee-7 | action=commit
2025-11-06 09:01:00 | WARN | repo=pv243-javaee-7 | action=commit
2025-02-14 10:36:00 | INFO | repo=pv243-javaee-7 | action=edit | files=1
2025-08-26 21:52:00 | WARN | repo=pv243-javaee-7 | action=commit
2025-05-19 10:28:00 | WARN | repo=pv243-javaee-7 | action=commit
2025-03-16 21:38:00 | DEBUG | repo=pv243-javaee-7 | action=commit
2025-04-18 20:27:00 | WARN | repo=pv243-javaee-7 | action=commit
2025-05-09 10:43:00 | WARN | repo=pv243-javaee-7 | action=commit
2025-08-28 07:31:00 | WARN | repo=pv243-javaee-7 | action=commit
2025-10-23 07:58:00 | INFO | repo=pv243-javaee-7 | action=commit
2025-07-24 13:57:00 | WARN | repo=pv243-javaee-7 | action=edit | files=3
2025-11-11 20:25:00 | INFO | repo=pv243-javaee-7 | action=commit
2025-07-21 20:50:00 | INFO | repo=pv243-javaee-7 | action=commit
2025-12-12 13:18:00 | DEBUG | repo=pv243-javaee-7 | action=commit
2025-10-07 14:06:00 | DEBUG | repo=pv243-javaee-7 | action=commit
2025-11-07 16:25:00 | WARN | repo=pv243-javaee-7 | action=commit
2025-12-22 16:37:00 | WARN | repo=pv243-javaee-7 | action=commit
2025-12-07 17:44:00 | INFO | repo=pv243-javaee-7 | action=commit
2025-07-26 18:47:00 | DEBUG | repo=pv243-javaee-7 | action=commit
2025-09-11 19:54:00 | WARN | repo=pv243-javaee-7 | action=commit
